<component name="libraryTable">
  <library name="junit-4.12_c98e31ad">
    <CLASSES>
      <root url="jar://$PROJECT_DIR$/../third_party/junit/junit-4.12.jar!/" />
    </CLASSES>
    <JAVADOC />
    <SOURCES />
  </library>
</component>